<?xml version="1.0" encoding="UTF-8"?>
<!-- Generated by org.testng.reporters.JUnitXMLReporter -->
<testsuite hostname="LAPTOP-2EGUHMKF" ignored="0" name="Default test" tests="4" failures="0" timestamp="2021-04-17T17:25:02 IST" time="0.078" errors="0">
  <testcase name="testMethod2" time="0.006" classname="com.testng.Invocations"/>
  <testcase name="testMethod2" time="0.001" classname="com.testng.Invocations"/>
  <testcase name="googleTitle" time="0.002" classname="com.testng.Invocations"/>
  <testcase name="testMethod3" time="0.002" classname="com.testng.Invocations"/>
</testsuite> <!-- Default test -->
